\BOOKMARK [0][-]{chapter.1}{Pr\351liminaires}{}% 1
\BOOKMARK [1][-]{section.1.1}{R\351sultats d'alg\350bre commutative}{chapter.1}% 2
\BOOKMARK [2][-]{subsection.1.1.1}{Extensions enti\350res d'anneaux}{section.1.1}% 3
\BOOKMARK [2][-]{subsection.1.1.2}{Anneaux de valuation discr\350te}{section.1.1}% 4
\BOOKMARK [1][-]{section.1.2}{Alg\350bres gradu\351es}{chapter.1}% 5
\BOOKMARK [1][-]{section.1.3}{Vari\351t\351s alg\351briques}{chapter.1}% 6
\BOOKMARK [2][-]{subsection.1.3.1}{G\351n\351ralit\351s}{section.1.3}% 7
\BOOKMARK [2][-]{subsection.1.3.2}{Dimension}{section.1.3}% 8
\BOOKMARK [2][-]{subsection.1.3.3}{Normalit\351}{section.1.3}% 9
\BOOKMARK [2][-]{subsection.1.3.4}{Quelques r\351sultats sur les morphismes}{section.1.3}% 10
\BOOKMARK [1][-]{section.1.4}{Groupes alg\351briques affines}{chapter.1}% 11
\BOOKMARK [2][-]{subsection.1.4.1}{G\351n\351ralit\351s}{section.1.4}% 12
\BOOKMARK [2][-]{subsection.1.4.2}{G-vari\351t\351s, repr\351sentations}{section.1.4}% 13
\BOOKMARK [2][-]{subsection.1.4.3}{Groupes quotients}{section.1.4}% 14
\BOOKMARK [2][-]{subsection.1.4.4}{Groupes diagonalisables, actions de groupes diagonalisables}{section.1.4}% 15
\BOOKMARK [1][-]{section.1.5}{Th\351orie des invariants}{chapter.1}% 16
\BOOKMARK [2][-]{subsection.1.5.1}{L'alg\350bre des invariants}{section.1.5}% 17
\BOOKMARK [2][-]{subsection.1.5.2}{Quotient d'une vari\351t\351 alg\351brique sous l'action d'un groupe alg\351brique}{section.1.5}% 18
\BOOKMARK [1][-]{section.1.6}{Faisceaux quasi-coh\351rents}{chapter.1}% 19
\BOOKMARK [2][-]{subsection.1.6.1}{Faisceaux quasi-coh\351rents sur une vari\351t\351}{section.1.6}% 20
\BOOKMARK [2][-]{subsection.1.6.2}{Faisceaux quasi-coh\351rents sur une vari\351t\351 projective}{section.1.6}% 21
\BOOKMARK [2][-]{subsection.1.6.3}{Faisceaux inversibles, Fibr\351s en droites}{section.1.6}% 22
\BOOKMARK [2][-]{subsection.1.6.4}{G-linearisation d'un fibr\351 en droite}{section.1.6}% 23
\BOOKMARK [1][-]{section.1.7}{Diviseurs}{chapter.1}% 24
\BOOKMARK [2][-]{subsection.1.7.1}{Diviseurs de Weil}{section.1.7}% 25
\BOOKMARK [2][-]{subsection.1.7.2}{Faisceau d'alg\350bres divisorielles}{section.1.7}% 26
\BOOKMARK [2][-]{subsection.1.7.3}{Diviseurs de Cartier et groupe de Picard}{section.1.7}% 27
\BOOKMARK [2][-]{subsection.1.7.4}{L'espace projectif Pkn}{section.1.7}% 28
\BOOKMARK [0][-]{chapter.2}{Anneaux de Cox}{}% 29
\BOOKMARK [1][-]{section.2.1}{Un exemple introductif}{chapter.2}% 30
\BOOKMARK [1][-]{section.2.2}{Cas d'un groupe des classes sans torsion}{chapter.2}% 31
\BOOKMARK [2][-]{subsection.2.2.1}{Faisceau et anneau de Cox}{section.2.2}% 32
\BOOKMARK [2][-]{subsection.2.2.2}{Le spectre relatif de R}{section.2.2}% 33
\BOOKMARK [2][-]{subsection.2.2.3}{Propri\351t\351s alg\351briques de l'anneau de Cox}{section.2.2}% 34
\BOOKMARK [1][-]{section.2.3}{Groupe des classes avec torsion}{chapter.2}% 35
